2021-11-17 15:01:25,898 Log in chosen
2021-11-17 15:04:41,991 Log in chosen
2021-11-17 15:04:57,512 Sign up chosen
2021-11-17 15:05:09,282 Quit
2021-11-17 15:06:26,400 Sign up chosen
2021-11-17 15:06:45,350 Log in chosen
2021-11-17 15:31:29,946 Log in chosen
2021-11-17 15:31:58,200 Quit
2021-11-17 15:32:14,982 Log in chosen
2021-11-17 15:32:26,521 Log in chosen
2021-11-17 15:49:05,816 Log in chosen
2021-11-17 15:49:24,775 Log in chosen
2021-11-17 15:49:39,905 Quit
2021-11-18 12:36:52,262 Sign up chosen
2021-11-18 12:37:04,718 Log in chosen
2021-11-18 12:37:30,206 Successful login
2021-11-18 12:37:35,468 Passwords viewed
2021-11-18 12:37:43,487 Log out
2021-11-18 12:37:46,067 Log in chosen
2021-11-18 12:37:58,072 Quit
2021-11-20 13:25:14,458 Sign up chosen
2021-11-20 13:25:42,811 Quit
2021-11-22 20:07:31,976 Log in chosen
